#
# A fatal error has been detected by the Java Runtime Environment:
#
#  EXCEPTION_ACCESS_VIOLATION (0xc0000005) at pc=0x00007fffe09c4f69, pid=5608, tid=7084
#
# JRE version: Java(TM) SE Runtime Environment (16.0.2+7) (build 16.0.2+7-67)
# Java VM: Java HotSpot(TM) 64-Bit Server VM (16.0.2+7-67, mixed mode, sharing, tiered, compressed oops, compressed class ptrs, g1 gc, windows-amd64)
# Problematic frame:
# C  [KERNELBASE.dll+0x34f69]
#
# No core dump will be written. Minidumps are not enabled by default on client versions of Windows
#
# If you would like to submit a bug report, please visit:
#   https://bugreport.java.com/bugreport/crash.jsp
# The crash happened outside the Java Virtual Machine in native code.
# See problematic frame for where to report the bug.
#

---------------  S U M M A R Y ------------

Command Line: -Dfile.encoding=UTF-8 -XX:+ShowCodeDetailsInExceptionMessages faceReconition.App

Host: Intel(R) Core(TM) i5-2520M CPU @ 2.50GHz, 4 cores, 7G,  Windows 10 , 64 bit Build 19041 (10.0.19041.1503)
Time: Wed Mar  9 21:33:07 2022 SE Asia Standard Time elapsed time: 81.433290 seconds (0d 0h 1m 21s)

---------------  T H R E A D  ---------------

Current thread (0x000001fee68fa5b0):  JavaThread "Thread-1" [_thread_in_native, id=7084, stack(0x000000b0b9e00000,0x000000b0b9f00000)]

Stack: [0x000000b0b9e00000,0x000000b0b9f00000],  sp=0x000000b0b9efc320,  free space=1008k
Native frames: (J=compiled Java code, j=interpreted, Vv=VM code, C=native code)
C  [KERNELBASE.dll+0x34f69]
C  [vcruntime140_1.dll+0x2753]
C  [ntdll.dll+0xa1456]
C  [opencv_core453.dll+0x1ec98c]

Java frames: (J=compiled Java code, j=interpreted, Vv=VM code)
J 3545  org.bytedeco.opencv.opencv_objdetect.CascadeClassifier.detectMultiScale(Lorg/bytedeco/opencv/opencv_core/Mat;Lorg/bytedeco/opencv/opencv_core/RectVector;)V (0 bytes) @ 0x000001fed661c913 [0x000001fed661c8a0+0x0000000000000073]
J 3665 c1 faceReconition.FaceRecognizer.recognizerImage(Lorg/bytedeco/opencv/opencv_core/Mat;)Lorg/bytedeco/opencv/opencv_core/Mat; (207 bytes) @ 0x000001fecee9f4c4 [0x000001fecee9f0e0+0x00000000000003e4]
j  faceReconition.App$12.run()V+66
j  java.lang.Thread.run()V+11 java.base@16.0.2
v  ~StubRoutines::call_stub

siginfo: EXCEPTION_ACCESS_VIOLATION (0xc0000005), reading address 0x000001fea23fe890


Register to memory mapping:

RIP=0x00007fffe09c4f69 KERNELBASE.dll
RAX=0x000001fecf672590 is at entry_point+-2928 in (nmethod*)0x000001fecf672590
RBX=0x000000b0b9efdee0 is pointing into the stack for thread: 0x000001fee68fa5b0
RCX=0x00000000000000b6 is an unknown value
RDX=0x000001fee7551960 points into unknown readable memory: 0x000001fe00000002 | 02 00 00 00 fe 01 00 00
RSP=0x000000b0b9efc320 is pointing into the stack for thread: 0x000001fee68fa5b0
RBP=0x000000b0b9efca00 is pointing into the stack for thread: 0x000001fee68fa5b0
RSI=0x000000b0b9efe6b0 is pointing into the stack for thread: 0x000001fee68fa5b0
RDI=0x000000b0b9efd1a0 is pointing into the stack for thread: 0x000001fee68fa5b0
R8 =0x00007fffa9221801 jvm.dll
R9 =0x000000b0b9efbc01 is pointing into the stack for thread: 0x000001fee68fa5b0
R10=0x000001fee6622a00 points into unknown readable memory: 0x0000000089950f38 | 38 0f 95 89 00 00 00 00
R11=0x000000b0b9efbcc0 is pointing into the stack for thread: 0x000001fee68fa5b0
R12=0x0 is NULL
R13=0x000000b0b9efc488 is pointing into the stack for thread: 0x000001fee68fa5b0
R14=0x000000b0b9efd1a0 is pointing into the stack for thread: 0x000001fee68fa5b0
R15=0x000000b0b9efd308 is pointing into the stack for thread: 0x000001fee68fa5b0


Registers:
RAX=0x000001fecf672590, RBX=0x000000b0b9efdee0, RCX=0x00000000000000b6, RDX=0x000001fee7551960
RSP=0x000000b0b9efc320, RBP=0x000000b0b9efca00, RSI=0x000000b0b9efe6b0, RDI=0x000000b0b9efd1a0
R8 =0x00007fffa9221801, R9 =0x000000b0b9efbc01, R10=0x000001fee6622a00, R11=0x000000b0b9efbcc0
R12=0x0000000000000000, R13=0x000000b0b9efc488, R14=0x000000b0b9efd1a0, R15=0x000000b0b9efd308
RIP=0x00007fffe09c4f69, EFLAGS=0x0000000000000202

Top of Stack: (sp=0x000000b0b9efc320)
0x000000b0b9efc320:   0000a04d00000000 000000b0b9efdee0
0x000000b0b9efc330:   000000b0b9efe6b0 00007fffc3946220
0x000000b0b9efc340:   00000001c0000005 0000000000000000
0x000000b0b9efc350:   00007fffe09c4f69 0000000000000002
0x000000b0b9efc360:   0000000000000000 000001fea23fe890
0x000000b0b9efc370:   0000000000000006 000000b0b9efca00
0x000000b0b9efc380:   0000cc462347deef 0007d8000007d800
0x000000b0b9efc390:   000000b0b9efdee0 00007fffdc8f3499
0x000000b0b9efc3a0:   000001fe00000000 000001fee6ff5c00
0x000000b0b9efc3b0:   000000b0b9efdee0 000000b0b9efe6b0
0x000000b0b9efc3c0:   000000b0b9efd1a0 00007fffdc8f33d9
0x000000b0b9efc3d0:   000000b0b9efdee0 000000b0b9efe6b0
0x000000b0b9efc3e0:   0000a04d216910fc 000001fefab74210
0x000000b0b9efc3f0:   000000b0b9efdee0 00007fffdc8f2753
0x000000b0b9efc400:   00007fff8daecc00 000000b0b9efd308
0x000000b0b9efc410:   00035ff000000100 0003680000037690 

Instructions: (pc=0x00007fffe09c4f69)
0x00007fffe09c4e69:   d8 21 00 00 41 0f 44 c0 89 43 24 8b 41 18 89 43
0x00007fffe09c4e79:   28 65 48 8b 04 25 60 00 00 00 48 8b 48 20 39 79
0x00007fffe09c4e89:   08 7c 36 41 b9 40 00 00 00 48 89 7c 24 20 4c 8d
0x00007fffe09c4e99:   44 24 30 48 83 c9 ff 41 8d 51 e5 48 ff 15 ed 9e
0x00007fffe09c4ea9:   18 00 0f 1f 44 00 00 85 c0 0f 88 ff ef 06 00 81
0x00007fffe09c4eb9:   7c 24 54 33 00 03 00 72 0f 48 8b 9c 24 80 00 00
0x00007fffe09c4ec9:   00 48 83 c4 70 5f c3 cc 89 7b 2c eb ec cc cc cc
0x00007fffe09c4ed9:   cc cc cc cc cc cc cc 65 48 8b 04 25 30 00 00 00
0x00007fffe09c4ee9:   8b 40 68 c3 cc cc cc cc cc cc cc cc cc cc cc cc
0x00007fffe09c4ef9:   cc cc cc cc cc cc cc 48 81 ec d8 00 00 00 48 8b
0x00007fffe09c4f09:   05 62 5f 25 00 48 33 c4 48 89 84 24 c0 00 00 00
0x00007fffe09c4f19:   48 83 64 24 28 00 48 8d 05 da ff ff ff 83 e2 01
0x00007fffe09c4f29:   89 4c 24 20 89 54 24 24 48 89 44 24 30 4d 85 c9
0x00007fffe09c4f39:   74 4c b8 0f 00 00 00 48 8d 4c 24 40 44 3b c0 49
0x00007fffe09c4f49:   8b d1 44 0f 47 c0 44 89 44 24 38 49 c1 e0 03 e8
0x00007fffe09c4f59:   9a d5 05 00 48 8d 4c 24 20 48 ff 15 0f 9f 18 00
0x00007fffe09c4f69:   0f 1f 44 00 00 48 8b 8c 24 c0 00 00 00 48 33 cc
0x00007fffe09c4f79:   e8 c2 96 05 00 48 81 c4 d8 00 00 00 c3 cc 83 64
0x00007fffe09c4f89:   24 38 00 eb cf cc cc cc cc cc cc cc cc cc cc cc
0x00007fffe09c4f99:   cc cc cc cc cc cc cc 40 53 48 83 ec 30 48 8b d1
0x00007fffe09c4fa9:   48 8d 4c 24 20 e8 e5 cc ff ff 85 c0 74 26 48 8b
0x00007fffe09c4fb9:   4c 24 28 e8 8f 6f ff ff 48 8d 4c 24 20 8b d8 48
0x00007fffe09c4fc9:   ff 15 01 97 18 00 0f 1f 44 00 00 8b c3 48 83 c4
0x00007fffe09c4fd9:   30 5b c3 cc 83 c8 ff eb f4 cc cc cc cc cc cc cc
0x00007fffe09c4fe9:   cc cc cc cc cc cc cc 48 8b c4 48 89 58 10 48 89
0x00007fffe09c4ff9:   70 18 57 48 83 ec 60 0f 57 c0 0f 11 40 b8 48 8d
0x00007fffe09c5009:   35 22 f7 18 00 33 db 48 85 c9 48 0f 45 f1 48 8b
0x00007fffe09c5019:   d6 48 8d 48 c8 48 ff 15 33 9d 18 00 0f 1f 44 00
0x00007fffe09c5029:   00 8b f8 89 44 24 70 85 c0 78 1f 41 b0 01 48 8d
0x00007fffe09c5039:   54 24 30 48 8d 4c 24 20 48 ff 15 b0 96 18 00 0f
0x00007fffe09c5049:   1f 44 00 00 8b f8 89 44 24 70 85 ff 0f 88 69 ee
0x00007fffe09c5059:   06 00 48 83 c8 ff 48 8b c8 48 ff c1 66 39 1c 4e 


Stack slot to memory mapping:
stack at sp + 0 slots: 0x0000a04d00000000 is an unknown value
stack at sp + 1 slots: 0x000000b0b9efdee0 is pointing into the stack for thread: 0x000001fee68fa5b0
stack at sp + 2 slots: 0x000000b0b9efe6b0 is pointing into the stack for thread: 0x000001fee68fa5b0
stack at sp + 3 slots: 0x00007fffc3946220 VCRUNTIME140.dll
stack at sp + 4 slots: 0x00000001c0000005 is an unknown value
stack at sp + 5 slots: 0x0 is NULL
stack at sp + 6 slots: 0x00007fffe09c4f69 KERNELBASE.dll
stack at sp + 7 slots: 0x0000000000000002 is an unknown value


---------------  P R O C E S S  ---------------

Threads class SMR info:
_java_thread_list=0x000001fee5beff80, length=22, elements={
0x000001fee4870380, 0x000001fee4871150, 0x000001fee487bf00, 0x000001fee487f830,
0x000001fee4880140, 0x000001fee4880a50, 0x000001fee4883b20, 0x000001fee48b6fd0,
0x000001fee48cb530, 0x000001fee54b2160, 0x000001fee54bb400, 0x000001fee5779730,
0x000001fee57fa990, 0x000001fee65f9270, 0x000001fee75c3310, 0x000001fefa4112d0,
0x000001fee68fb5a0, 0x000001fee68fa5b0, 0x000001fee68fbaf0, 0x000001fee68fc590,
0x000001fee5d7a370, 0x000001fee5d788e0
}

Java Threads: ( => current thread )
  0x000001fee4870380 JavaThread "Reference Handler" daemon [_thread_blocked, id=9936, stack(0x000000b0b7a00000,0x000000b0b7b00000)]
  0x000001fee4871150 JavaThread "Finalizer" daemon [_thread_blocked, id=3484, stack(0x000000b0b7b00000,0x000000b0b7c00000)]
  0x000001fee487bf00 JavaThread "Signal Dispatcher" daemon [_thread_blocked, id=4296, stack(0x000000b0b7c00000,0x000000b0b7d00000)]
  0x000001fee487f830 JavaThread "Attach Listener" daemon [_thread_blocked, id=6876, stack(0x000000b0b7d00000,0x000000b0b7e00000)]
  0x000001fee4880140 JavaThread "Service Thread" daemon [_thread_blocked, id=9716, stack(0x000000b0b7e00000,0x000000b0b7f00000)]
  0x000001fee4880a50 JavaThread "Monitor Deflation Thread" daemon [_thread_blocked, id=4396, stack(0x000000b0b7f00000,0x000000b0b8000000)]
  0x000001fee4883b20 JavaThread "C2 CompilerThread0" daemon [_thread_blocked, id=9868, stack(0x000000b0b8000000,0x000000b0b8100000)]
  0x000001fee48b6fd0 JavaThread "C1 CompilerThread0" daemon [_thread_blocked, id=11608, stack(0x000000b0b8100000,0x000000b0b8200000)]
  0x000001fee48cb530 JavaThread "Sweeper thread" daemon [_thread_blocked, id=9192, stack(0x000000b0b8200000,0x000000b0b8300000)]
  0x000001fee54b2160 JavaThread "Notification Thread" daemon [_thread_blocked, id=224, stack(0x000000b0b8300000,0x000000b0b8400000)]
  0x000001fee54bb400 JavaThread "Common-Cleaner" daemon [_thread_blocked, id=8672, stack(0x000000b0b8500000,0x000000b0b8600000)]
  0x000001fee5779730 JavaThread "JavaCPP Deallocator" daemon [_thread_blocked, id=1472, stack(0x000000b0b8600000,0x000000b0b8700000)]
  0x000001fee57fa990 JavaThread "Java2D Disposer" daemon [_thread_blocked, id=2468, stack(0x000000b0b8700000,0x000000b0b8800000)]
  0x000001fee65f9270 JavaThread "AWT-Windows" daemon [_thread_in_native, id=10208, stack(0x000000b0b9200000,0x000000b0b9300000)]
  0x000001fee75c3310 JavaThread "AWT-Shutdown" [_thread_blocked, id=5916, stack(0x000000b0b9a00000,0x000000b0b9b00000)]
  0x000001fefa4112d0 JavaThread "AWT-EventQueue-0" [_thread_blocked, id=11036, stack(0x000000b0b9b00000,0x000000b0b9c00000)]
  0x000001fee68fb5a0 JavaThread "DestroyJavaVM" [_thread_blocked, id=5092, stack(0x000000b0b7300000,0x000000b0b7400000)]
=>0x000001fee68fa5b0 JavaThread "Thread-1" [_thread_in_native, id=7084, stack(0x000000b0b9e00000,0x000000b0b9f00000)]
  0x000001fee68fbaf0 JavaThread "MemoryTimer-Database.accdb" daemon [_thread_blocked, id=10936, stack(0x000000b0ba800000,0x000000b0ba900000)]
  0x000001fee68fc590 JavaThread "Thread-3" [_thread_in_native, id=2572, stack(0x000000b0b7200000,0x000000b0b7300000)]
  0x000001fee5d7a370 JavaThread "Swing-Shell" daemon [_thread_blocked, id=5552, stack(0x000000b0bab00000,0x000000b0bac00000)]
  0x000001fee5d788e0 JavaThread "TimerQueue" daemon [_thread_blocked, id=11160, stack(0x000000b0bb100000,0x000000b0bb200000)]

Other Threads:
  0x000001fee486c820 VMThread "VM Thread" [stack: 0x000000b0b7900000,0x000000b0b7a00000] [id=10000]
  0x000001fee54b4eb0 WatcherThread [stack: 0x000000b0b8400000,0x000000b0b8500000] [id=2940]
  0x000001fec719a6f0 GCTaskThread "GC Thread#0" [stack: 0x000000b0b7400000,0x000000b0b7500000] [id=4320]
  0x000001fee606d480 GCTaskThread "GC Thread#1" [stack: 0x000000b0b8800000,0x000000b0b8900000] [id=10596]
  0x000001fee606d790 GCTaskThread "GC Thread#2" [stack: 0x000000b0b8900000,0x000000b0b8a00000] [id=11472]
  0x000001fee606d0b0 GCTaskThread "GC Thread#3" [stack: 0x000000b0b8a00000,0x000000b0b8b00000] [id=10012]
  0x000001fec71acf70 ConcurrentGCThread "G1 Main Marker" [stack: 0x000000b0b7500000,0x000000b0b7600000] [id=11420]
  0x000001fec71ad970 ConcurrentGCThread "G1 Conc#0" [stack: 0x000000b0b7600000,0x000000b0b7700000] [id=9004]
  0x000001fec722acf0 ConcurrentGCThread "G1 Refine#0" [stack: 0x000000b0b7700000,0x000000b0b7800000] [id=8212]
  0x000001fec722c690 ConcurrentGCThread "G1 Service" [stack: 0x000000b0b7800000,0x000000b0b7900000] [id=2540]

Threads with active compile tasks:

VM state: not at safepoint (normal execution)

VM Mutex/Monitor currently owned by a thread: None

Heap address: 0x0000000081c00000, size: 2020 MB, Compressed Oops mode: 32-bit

CDS archive(s) mapped at: [0x0000000800000000-0x0000000800bb0000-0x0000000800bb0000), size 12255232, SharedBaseAddress: 0x0000000800000000, ArchiveRelocationMode: 0.
Compressed class space mapped at: 0x0000000800c00000-0x0000000840c00000, reserved size: 1073741824
Narrow klass base: 0x0000000800000000, Narrow klass shift: 3, Narrow klass range: 0x100000000

GC Precious Log:
 CPUs: 4 total, 4 available
 Memory: 8079M
 Large Page Support: Disabled
 NUMA Support: Disabled
 Compressed Oops: Enabled (32-bit)
 Heap Region Size: 1M
 Heap Min Capacity: 8M
 Heap Initial Capacity: 128M
 Heap Max Capacity: 2020M
 Pre-touch: Disabled
 Parallel Workers: 4
 Concurrent Workers: 1
 Concurrent Refinement Workers: 4
 Periodic GC: Disabled

Heap:
 garbage-first heap   total 131072K, used 34283K [0x0000000081c00000, 0x0000000100000000)
  region size 1024K, 4 young (4096K), 1 survivors (1024K)
 Metaspace       used 28660K, committed 28864K, reserved 1081344K
  class space    used 2454K, committed 2560K, reserved 1048576K

Heap Regions: E=young(eden), S=young(survivor), O=old, HS=humongous(starts), HC=humongous(continues), CS=collection set, F=free, OA=open archive, CA=closed archive, TAMS=top-at-mark-start (previous, next)
|   0|0x0000000081c00000, 0x0000000081d00000, 0x0000000081d00000|100%| O|  |TAMS 0x0000000081d00000, 0x0000000081d00000| Untracked 
|   1|0x0000000081d00000, 0x0000000081e00000, 0x0000000081e00000|100%| O|  |TAMS 0x0000000081dfc400, 0x0000000081e00000| Untracked 
|   2|0x0000000081e00000, 0x0000000081f00000, 0x0000000081f00000|100%|HS|  |TAMS 0x0000000081f00000, 0x0000000081f00000| Complete 
|   3|0x0000000081f00000, 0x0000000082000000, 0x0000000082000000|100%|HC|  |TAMS 0x0000000082000000, 0x0000000082000000| Complete 
|   4|0x0000000082000000, 0x0000000082100000, 0x0000000082100000|100%|HS|  |TAMS 0x0000000082100000, 0x0000000082100000| Complete 
|   5|0x0000000082100000, 0x0000000082200000, 0x0000000082200000|100%|HS|  |TAMS 0x0000000082200000, 0x0000000082200000| Complete 
|   6|0x0000000082200000, 0x0000000082300000, 0x0000000082300000|100%|HC|  |TAMS 0x0000000082300000, 0x0000000082300000| Complete 
|   7|0x0000000082300000, 0x0000000082400000, 0x0000000082400000|100%|HS|  |TAMS 0x0000000082400000, 0x0000000082400000| Complete 
|   8|0x0000000082400000, 0x0000000082500000, 0x0000000082500000|100%|HS|  |TAMS 0x0000000082500000, 0x0000000082500000| Complete 
|   9|0x0000000082500000, 0x0000000082600000, 0x0000000082600000|100%|HC|  |TAMS 0x0000000082600000, 0x0000000082600000| Complete 
|  10|0x0000000082600000, 0x0000000082700000, 0x0000000082700000|100%|HS|  |TAMS 0x0000000082700000, 0x0000000082700000| Complete 
|  11|0x0000000082700000, 0x0000000082800000, 0x0000000082800000|100%|HS|  |TAMS 0x0000000082800000, 0x0000000082800000| Complete 
|  12|0x0000000082800000, 0x0000000082900000, 0x0000000082900000|100%|HC|  |TAMS 0x0000000082900000, 0x0000000082900000| Complete 
|  13|0x0000000082900000, 0x0000000082a00000, 0x0000000082a00000|100%|HS|  |TAMS 0x0000000082a00000, 0x0000000082a00000| Complete 
|  14|0x0000000082a00000, 0x0000000082b00000, 0x0000000082b00000|100%|HC|  |TAMS 0x0000000082b00000, 0x0000000082b00000| Complete 
|  15|0x0000000082b00000, 0x0000000082c00000, 0x0000000082c00000|100%|HS|  |TAMS 0x0000000082c00000, 0x0000000082c00000| Complete 
|  16|0x0000000082c00000, 0x0000000082d00000, 0x0000000082d00000|100%|HS|  |TAMS 0x0000000082c00000, 0x0000000082c00000| Complete 
|  17|0x0000000082d00000, 0x0000000082e00000, 0x0000000082e00000|100%|HC|  |TAMS 0x0000000082d00000, 0x0000000082d00000| Complete 
|  18|0x0000000082e00000, 0x0000000082e00000, 0x0000000082f00000|  0%| F|  |TAMS 0x0000000082e00000, 0x0000000082e00000| Untracked 
|  19|0x0000000082f00000, 0x0000000082f00000, 0x0000000083000000|  0%| F|  |TAMS 0x0000000082f00000, 0x0000000082f00000| Untracked 
|  20|0x0000000083000000, 0x0000000083000000, 0x0000000083100000|  0%| F|  |TAMS 0x0000000083000000, 0x0000000083000000| Untracked 
|  21|0x0000000083100000, 0x0000000083100000, 0x0000000083200000|  0%| F|  |TAMS 0x0000000083100000, 0x0000000083100000| Untracked 
|  22|0x0000000083200000, 0x0000000083200000, 0x0000000083300000|  0%| F|  |TAMS 0x0000000083200000, 0x0000000083200000| Untracked 
|  23|0x0000000083300000, 0x0000000083300000, 0x0000000083400000|  0%| F|  |TAMS 0x0000000083300000, 0x0000000083300000| Untracked 
|  24|0x0000000083400000, 0x0000000083400000, 0x0000000083500000|  0%| F|  |TAMS 0x0000000083400000, 0x0000000083400000| Untracked 
|  25|0x0000000083500000, 0x0000000083500000, 0x0000000083600000|  0%| F|  |TAMS 0x0000000083500000, 0x0000000083500000| Untracked 
|  26|0x0000000083600000, 0x0000000083600000, 0x0000000083700000|  0%| F|  |TAMS 0x0000000083600000, 0x0000000083600000| Untracked 
|  27|0x0000000083700000, 0x0000000083700000, 0x0000000083800000|  0%| F|  |TAMS 0x0000000083700000, 0x0000000083700000| Untracked 
|  28|0x0000000083800000, 0x0000000083800000, 0x0000000083900000|  0%| F|  |TAMS 0x0000000083800000, 0x0000000083800000| Untracked 
|  29|0x0000000083900000, 0x0000000083900000, 0x0000000083a00000|  0%| F|  |TAMS 0x0000000083900000, 0x0000000083900000| Untracked 
|  30|0x0000000083a00000, 0x0000000083a00000, 0x0000000083b00000|  0%| F|  |TAMS 0x0000000083a00000, 0x0000000083a00000| Untracked 
|  31|0x0000000083b00000, 0x0000000083b00000, 0x0000000083c00000|  0%| F|  |TAMS 0x0000000083b00000, 0x0000000083b00000| Untracked 
|  32|0x0000000083c00000, 0x0000000083c00000, 0x0000000083d00000|  0%| F|  |TAMS 0x0000000083c00000, 0x0000000083c00000| Untracked 
|  33|0x0000000083d00000, 0x0000000083d00000, 0x0000000083e00000|  0%| F|  |TAMS 0x0000000083d00000, 0x0000000083d00000| Untracked 
|  34|0x0000000083e00000, 0x0000000083e00000, 0x0000000083f00000|  0%| F|  |TAMS 0x0000000083e00000, 0x0000000083e00000| Untracked 
|  35|0x0000000083f00000, 0x0000000083f00000, 0x0000000084000000|  0%| F|  |TAMS 0x0000000083f00000, 0x0000000083f00000| Untracked 
|  36|0x0000000084000000, 0x0000000084000000, 0x0000000084100000|  0%| F|  |TAMS 0x0000000084000000, 0x0000000084000000| Untracked 
|  37|0x0000000084100000, 0x0000000084100000, 0x0000000084200000|  0%| F|  |TAMS 0x0000000084100000, 0x0000000084100000| Untracked 
|  38|0x0000000084200000, 0x0000000084200000, 0x0000000084300000|  0%| F|  |TAMS 0x0000000084200000, 0x0000000084200000| Untracked 
|  39|0x0000000084300000, 0x0000000084300000, 0x0000000084400000|  0%| F|  |TAMS 0x0000000084300000, 0x0000000084300000| Untracked 
|  40|0x0000000084400000, 0x0000000084400000, 0x0000000084500000|  0%| F|  |TAMS 0x0000000084400000, 0x0000000084400000| Untracked 
|  41|0x0000000084500000, 0x0000000084500000, 0x0000000084600000|  0%| F|  |TAMS 0x0000000084500000, 0x0000000084500000| Untracked 
|  42|0x0000000084600000, 0x0000000084700000, 0x0000000084700000|100%|HS|  |TAMS 0x0000000084600000, 0x0000000084700000| Complete 
|  43|0x0000000084700000, 0x0000000084800000, 0x0000000084800000|100%|HS|  |TAMS 0x0000000084700000, 0x0000000084800000| Complete 
|  44|0x0000000084800000, 0x0000000084900000, 0x0000000084900000|100%|HS|  |TAMS 0x0000000084800000, 0x0000000084900000| Complete 
|  45|0x0000000084900000, 0x0000000084a00000, 0x0000000084a00000|100%|HS|  |TAMS 0x0000000084900000, 0x0000000084a00000| Complete 
|  46|0x0000000084a00000, 0x0000000084b00000, 0x0000000084b00000|100%|HS|  |TAMS 0x0000000084a00000, 0x0000000084b00000| Complete 
|  47|0x0000000084b00000, 0x0000000084b00000, 0x0000000084c00000|  0%| F|  |TAMS 0x0000000084b00000, 0x0000000084b00000| Untracked 
|  48|0x0000000084c00000, 0x0000000084c00000, 0x0000000084d00000|  0%| F|  |TAMS 0x0000000084c00000, 0x0000000084c00000| Untracked 
|  49|0x0000000084d00000, 0x0000000084d02400, 0x0000000084e00000|  0%| O|  |TAMS 0x0000000084d00000, 0x0000000084d00a00| Untracked 
|  50|0x0000000084e00000, 0x0000000084e00000, 0x0000000084f00000|  0%| F|  |TAMS 0x0000000084e00000, 0x0000000084e00000| Untracked 
|  51|0x0000000084f00000, 0x0000000085000000, 0x0000000085000000|100%| O|  |TAMS 0x0000000084f00000, 0x0000000085000000| Untracked 
|  52|0x0000000085000000, 0x0000000085100000, 0x0000000085100000|100%| O|  |TAMS 0x0000000085000000, 0x0000000085100000| Untracked 
|  53|0x0000000085100000, 0x0000000085200000, 0x0000000085200000|100%| O|  |TAMS 0x0000000085100000, 0x0000000085200000| Untracked 
|  54|0x0000000085200000, 0x0000000085300000, 0x0000000085300000|100%| O|  |TAMS 0x0000000085200000, 0x0000000085300000| Untracked 
|  55|0x0000000085300000, 0x0000000085400000, 0x0000000085400000|100%| O|  |TAMS 0x0000000085300000, 0x0000000085400000| Untracked 
|  56|0x0000000085400000, 0x0000000085400000, 0x0000000085500000|  0%| F|  |TAMS 0x0000000085400000, 0x0000000085400000| Untracked 
|  57|0x0000000085500000, 0x0000000085600000, 0x0000000085600000|100%| O|  |TAMS 0x0000000085500000, 0x0000000085600000| Untracked 
|  58|0x0000000085600000, 0x0000000085700000, 0x0000000085700000|100%| O|  |TAMS 0x0000000085600000, 0x0000000085700000| Untracked 
|  59|0x0000000085700000, 0x0000000085800000, 0x0000000085800000|100%| O|  |TAMS 0x0000000085700000, 0x0000000085800000| Untracked 
|  60|0x0000000085800000, 0x0000000085800000, 0x0000000085900000|  0%| F|  |TAMS 0x0000000085800000, 0x0000000085800000| Untracked 
|  61|0x0000000085900000, 0x0000000085900000, 0x0000000085a00000|  0%| F|  |TAMS 0x0000000085900000, 0x0000000085900000| Untracked 
|  62|0x0000000085a00000, 0x0000000085a00000, 0x0000000085b00000|  0%| F|  |TAMS 0x0000000085a00000, 0x0000000085a00000| Untracked 
|  63|0x0000000085b00000, 0x0000000085b00000, 0x0000000085c00000|  0%| F|  |TAMS 0x0000000085b00000, 0x0000000085b00000| Untracked 
|  64|0x0000000085c00000, 0x0000000085c00000, 0x0000000085d00000|  0%| F|  |TAMS 0x0000000085c00000, 0x0000000085c00000| Untracked 
|  65|0x0000000085d00000, 0x0000000085d00000, 0x0000000085e00000|  0%| F|  |TAMS 0x0000000085d00000, 0x0000000085d00000| Untracked 
|  66|0x0000000085e00000, 0x0000000085e00000, 0x0000000085f00000|  0%| F|  |TAMS 0x0000000085e00000, 0x0000000085e00000| Untracked 
|  67|0x0000000085f00000, 0x0000000085f00000, 0x0000000086000000|  0%| F|  |TAMS 0x0000000085f00000, 0x0000000085f00000| Untracked 
|  68|0x0000000086000000, 0x0000000086000000, 0x0000000086100000|  0%| F|  |TAMS 0x0000000086000000, 0x0000000086000000| Untracked 
|  69|0x0000000086100000, 0x0000000086100000, 0x0000000086200000|  0%| F|  |TAMS 0x0000000086100000, 0x0000000086100000| Untracked 
|  70|0x0000000086200000, 0x0000000086200000, 0x0000000086300000|  0%| F|  |TAMS 0x0000000086200000, 0x0000000086200000| Untracked 
|  71|0x0000000086300000, 0x0000000086300000, 0x0000000086400000|  0%| F|  |TAMS 0x0000000086300000, 0x0000000086300000| Untracked 
|  72|0x0000000086400000, 0x0000000086400000, 0x0000000086500000|  0%| F|  |TAMS 0x0000000086400000, 0x0000000086400000| Untracked 
|  73|0x0000000086500000, 0x0000000086500000, 0x0000000086600000|  0%| F|  |TAMS 0x0000000086500000, 0x0000000086500000| Untracked 
|  74|0x0000000086600000, 0x0000000086600000, 0x0000000086700000|  0%| F|  |TAMS 0x0000000086600000, 0x0000000086600000| Untracked 
|  75|0x0000000086700000, 0x0000000086700000, 0x0000000086800000|  0%| F|  |TAMS 0x0000000086700000, 0x0000000086700000| Untracked 
|  76|0x0000000086800000, 0x0000000086800000, 0x0000000086900000|  0%| F|  |TAMS 0x0000000086800000, 0x0000000086800000| Untracked 
|  77|0x0000000086900000, 0x0000000086900000, 0x0000000086a00000|  0%| F|  |TAMS 0x0000000086900000, 0x0000000086900000| Untracked 
|  78|0x0000000086a00000, 0x0000000086a00000, 0x0000000086b00000|  0%| F|  |TAMS 0x0000000086a00000, 0x0000000086a00000| Untracked 
|  79|0x0000000086b00000, 0x0000000086b00000, 0x0000000086c00000|  0%| F|  |TAMS 0x0000000086b00000, 0x0000000086b00000| Untracked 
|  80|0x0000000086c00000, 0x0000000086c00000, 0x0000000086d00000|  0%| F|  |TAMS 0x0000000086c00000, 0x0000000086c00000| Untracked 
|  81|0x0000000086d00000, 0x0000000086d00000, 0x0000000086e00000|  0%| F|  |TAMS 0x0000000086d00000, 0x0000000086d00000| Untracked 
|  82|0x0000000086e00000, 0x0000000086e00000, 0x0000000086f00000|  0%| F|  |TAMS 0x0000000086e00000, 0x0000000086e00000| Untracked 
|  83|0x0000000086f00000, 0x0000000086f00000, 0x0000000087000000|  0%| F|  |TAMS 0x0000000086f00000, 0x0000000086f00000| Untracked 
|  84|0x0000000087000000, 0x0000000087000000, 0x0000000087100000|  0%| F|  |TAMS 0x0000000087000000, 0x0000000087000000| Untracked 
|  85|0x0000000087100000, 0x0000000087100000, 0x0000000087200000|  0%| F|  |TAMS 0x0000000087100000, 0x0000000087100000| Untracked 
|  86|0x0000000087200000, 0x0000000087200000, 0x0000000087300000|  0%| F|  |TAMS 0x0000000087200000, 0x0000000087200000| Untracked 
|  87|0x0000000087300000, 0x0000000087300000, 0x0000000087400000|  0%| F|  |TAMS 0x0000000087300000, 0x0000000087300000| Untracked 
|  88|0x0000000087400000, 0x0000000087400000, 0x0000000087500000|  0%| F|  |TAMS 0x0000000087400000, 0x0000000087400000| Untracked 
|  89|0x0000000087500000, 0x0000000087500000, 0x0000000087600000|  0%| F|  |TAMS 0x0000000087500000, 0x0000000087500000| Untracked 
|  90|0x0000000087600000, 0x0000000087600000, 0x0000000087700000|  0%| F|  |TAMS 0x0000000087600000, 0x0000000087600000| Untracked 
|  91|0x0000000087700000, 0x0000000087700000, 0x0000000087800000|  0%| F|  |TAMS 0x0000000087700000, 0x0000000087700000| Untracked 
|  92|0x0000000087800000, 0x0000000087800000, 0x0000000087900000|  0%| F|  |TAMS 0x0000000087800000, 0x0000000087800000| Untracked 
|  93|0x0000000087900000, 0x0000000087900000, 0x0000000087a00000|  0%| F|  |TAMS 0x0000000087900000, 0x0000000087900000| Untracked 
|  94|0x0000000087a00000, 0x0000000087a00000, 0x0000000087b00000|  0%| F|  |TAMS 0x0000000087a00000, 0x0000000087a00000| Untracked 
|  95|0x0000000087b00000, 0x0000000087b00000, 0x0000000087c00000|  0%| F|  |TAMS 0x0000000087b00000, 0x0000000087b00000| Untracked 
|  96|0x0000000087c00000, 0x0000000087c00000, 0x0000000087d00000|  0%| F|  |TAMS 0x0000000087c00000, 0x0000000087c00000| Untracked 
|  97|0x0000000087d00000, 0x0000000087d00000, 0x0000000087e00000|  0%| F|  |TAMS 0x0000000087d00000, 0x0000000087d00000| Untracked 
|  98|0x0000000087e00000, 0x0000000087e00000, 0x0000000087f00000|  0%| F|  |TAMS 0x0000000087e00000, 0x0000000087e00000| Untracked 
|  99|0x0000000087f00000, 0x0000000087f00000, 0x0000000088000000|  0%| F|  |TAMS 0x0000000087f00000, 0x0000000087f00000| Untracked 
| 100|0x0000000088000000, 0x0000000088000000, 0x0000000088100000|  0%| F|  |TAMS 0x0000000088000000, 0x0000000088000000| Untracked 
| 101|0x0000000088100000, 0x0000000088100000, 0x0000000088200000|  0%| F|  |TAMS 0x0000000088100000, 0x0000000088100000| Untracked 
| 102|0x0000000088200000, 0x0000000088200000, 0x0000000088300000|  0%| F|  |TAMS 0x0000000088200000, 0x0000000088200000| Untracked 
| 103|0x0000000088300000, 0x0000000088300000, 0x0000000088400000|  0%| F|  |TAMS 0x0000000088300000, 0x0000000088300000| Untracked 
| 104|0x0000000088400000, 0x0000000088400000, 0x0000000088500000|  0%| F|  |TAMS 0x0000000088400000, 0x0000000088400000| Untracked 
| 105|0x0000000088500000, 0x0000000088500000, 0x0000000088600000|  0%| F|  |TAMS 0x0000000088500000, 0x0000000088500000| Untracked 
| 106|0x0000000088600000, 0x0000000088600000, 0x0000000088700000|  0%| F|  |TAMS 0x0000000088600000, 0x0000000088600000| Untracked 
| 107|0x0000000088700000, 0x0000000088700000, 0x0000000088800000|  0%| F|  |TAMS 0x0000000088700000, 0x0000000088700000| Untracked 
| 108|0x0000000088800000, 0x0000000088800000, 0x0000000088900000|  0%| F|  |TAMS 0x0000000088800000, 0x0000000088800000| Untracked 
| 109|0x0000000088900000, 0x0000000088900000, 0x0000000088a00000|  0%| F|  |TAMS 0x0000000088900000, 0x0000000088900000| Untracked 
| 110|0x0000000088a00000, 0x0000000088a00000, 0x0000000088b00000|  0%| F|  |TAMS 0x0000000088a00000, 0x0000000088a00000| Untracked 
| 111|0x0000000088b00000, 0x0000000088b00000, 0x0000000088c00000|  0%| F|  |TAMS 0x0000000088b00000, 0x0000000088b00000| Untracked 
| 112|0x0000000088c00000, 0x0000000088c00000, 0x0000000088d00000|  0%| F|  |TAMS 0x0000000088c00000, 0x0000000088c00000| Untracked 
| 113|0x0000000088d00000, 0x0000000088d00000, 0x0000000088e00000|  0%| F|  |TAMS 0x0000000088d00000, 0x0000000088d00000| Untracked 
| 114|0x0000000088e00000, 0x0000000088e00000, 0x0000000088f00000|  0%| F|  |TAMS 0x0000000088e00000, 0x0000000088e00000| Untracked 
| 115|0x0000000088f00000, 0x0000000088f00000, 0x0000000089000000|  0%| F|  |TAMS 0x0000000088f00000, 0x0000000088f00000| Untracked 
| 116|0x0000000089000000, 0x0000000089000000, 0x0000000089100000|  0%| F|  |TAMS 0x0000000089000000, 0x0000000089000000| Untracked 
| 117|0x0000000089100000, 0x0000000089100000, 0x0000000089200000|  0%| F|  |TAMS 0x0000000089100000, 0x0000000089100000| Untracked 
| 118|0x0000000089200000, 0x0000000089200000, 0x0000000089300000|  0%| F|  |TAMS 0x0000000089200000, 0x0000000089200000| Untracked 
| 119|0x0000000089300000, 0x0000000089300000, 0x0000000089400000|  0%| F|  |TAMS 0x0000000089300000, 0x0000000089300000| Untracked 
| 120|0x0000000089400000, 0x0000000089400000, 0x0000000089500000|  0%| F|  |TAMS 0x0000000089400000, 0x0000000089400000| Untracked 
| 121|0x0000000089500000, 0x0000000089500000, 0x0000000089600000|  0%| F|  |TAMS 0x0000000089500000, 0x0000000089500000| Untracked 
| 122|0x0000000089600000, 0x0000000089600000, 0x0000000089700000|  0%| F|  |TAMS 0x0000000089600000, 0x0000000089600000| Untracked 
| 123|0x0000000089700000, 0x0000000089700800, 0x0000000089800000|  0%| E|  |TAMS 0x0000000089700000, 0x0000000089700000| Complete 
| 124|0x0000000089800000, 0x0000000089878b00, 0x0000000089900000| 47%| S|CS|TAMS 0x0000000089800000, 0x0000000089800000| Complete 
| 125|0x0000000089900000, 0x0000000089a00000, 0x0000000089a00000|100%| E|CS|TAMS 0x0000000089900000, 0x0000000089900000| Complete 
| 126|0x0000000089a00000, 0x0000000089b00000, 0x0000000089b00000|100%| E|CS|TAMS 0x0000000089a00000, 0x0000000089a00000| Complete 
| 127|0x0000000089b00000, 0x0000000089c00000, 0x0000000089c00000|100%| E|CS|TAMS 0x0000000089b00000, 0x0000000089b00000| Complete 

Card table byte_map: [0x000001feddce0000,0x000001fede0e0000] _byte_map_base: 0x000001fedd8d2000

Marking Bits (Prev, Next): (CMBitMap*) 0x000001fec719c140, (CMBitMap*) 0x000001fec719c100
 Prev Bits: [0x000001fee0470000, 0x000001fee2400000)
 Next Bits: [0x000001fede4e0000, 0x000001fee0470000)

Polling page: 0x000001fec5070000

Metaspace:

Usage:
  Non-class:     25.59 MB used.
      Class:      2.40 MB used.
       Both:     27.99 MB used.

Virtual space:
  Non-class space:       32.00 MB reserved,      25.69 MB ( 80%) committed,  4 nodes.
      Class space:        1.00 GB reserved,       2.50 MB ( <1%) committed,  1 nodes.
              Both:        1.03 GB reserved,      28.19 MB (  3%) committed. 

Chunk freelists:
   Non-Class:  2.20 MB
       Class:  1.52 MB
        Both:  3.73 MB

MaxMetaspaceSize: 17179869184.00 GB
CompressedClassSpaceSize: 1.00 GB
 - commit_granule_bytes: 65536.
 - commit_granule_words: 8192.
 - virtual_space_node_default_size: 1048576.
 - enlarge_chunks_in_place: 1.
 - new_chunks_are_fully_committed: 0.
 - uncommit_free_chunks: 1.
 - use_allocation_guard: 0.
 - handle_deallocations: 1.


Internal statistics:

num_allocs_failed_limit: 3.
num_arena_births: 172.
num_arena_deaths: 0.
num_vsnodes_births: 5.
num_vsnodes_deaths: 0.
num_space_committed: 449.
num_space_uncommitted: 0.
num_chunks_returned_to_freelist: 3.
num_chunks_taken_from_freelist: 725.
num_chunk_merges: 3.
num_chunk_splits: 566.
num_chunks_enlarged: 473.
num_purges: 0.

CodeHeap 'non-profiled nmethods': size=120000Kb used=2129Kb max_used=2558Kb free=117870Kb
 bounds [0x000001fed63b0000, 0x000001fed6630000, 0x000001fedd8e0000]
CodeHeap 'profiled nmethods': size=120000Kb used=7941Kb max_used=8181Kb free=112058Kb
 bounds [0x000001fecee80000, 0x000001fecf680000, 0x000001fed63b0000]
CodeHeap 'non-nmethods': size=5760Kb used=1885Kb max_used=1941Kb free=3875Kb
 bounds [0x000001fece8e0000, 0x000001feceb50000, 0x000001fecee80000]
 total_blobs=5122 nmethods=3790 adapters=1244
 compilation: enabled
              stopped_count=0, restarted_count=0
 full_count=0

Compilation events (20 events):
Event: 81.236 Thread 0x000001fee48b6fd0 4354  s    3       java.util.Stack::pop (19 bytes)
Event: 81.236 Thread 0x000001fee48b6fd0 nmethod 4354 0x000001fecf1e0a10 code [0x000001fecf1e0c20, 0x000001fecf1e14a8]
Event: 81.295 Thread 0x000001fee4883b20 4355       4       sun.awt.image.ByteInterleavedRaster::putByteData (834 bytes)
Event: 81.322 Thread 0x000001fee4883b20 nmethod 4355 0x000001fed6403990 code [0x000001fed6403b60, 0x000001fed6404758]
Event: 81.322 Thread 0x000001fee4883b20 4356       4       java.lang.Integer::hashCode (8 bytes)
Event: 81.323 Thread 0x000001fee4883b20 nmethod 4356 0x000001fed6403690 code [0x000001fed6403800, 0x000001fed6403878]
Event: 81.332 Thread 0x000001fee4883b20 4357       4       java.nio.Buffer::checkIndex (22 bytes)
Event: 81.332 Thread 0x000001fee48b6fd0 4358   !   3       java.nio.DirectByteBuffer::put (37 bytes)
Event: 81.333 Thread 0x000001fee4883b20 nmethod 4357 0x000001fed6402f90 code [0x000001fed6403120, 0x000001fed64031d8]
Event: 81.333 Thread 0x000001fee48b6fd0 nmethod 4358 0x000001fecf1df890 code [0x000001fecf1dfae0, 0x000001fecf1e04d8]
Event: 81.333 Thread 0x000001fee48b6fd0 4359   !   3       jdk.internal.misc.ScopedMemoryAccess::putByte (25 bytes)
Event: 81.334 Thread 0x000001fee48b6fd0 nmethod 4359 0x000001fecf1dee90 code [0x000001fecf1df080, 0x000001fecf1df5f8]
Event: 81.334 Thread 0x000001fee48b6fd0 4360   !   3       jdk.internal.misc.ScopedMemoryAccess::putByteInternal (37 bytes)
Event: 81.334 Thread 0x000001fee4883b20 4362       4       java.nio.HeapByteBuffer::get (15 bytes)
Event: 81.334 Thread 0x000001fee48b6fd0 nmethod 4360 0x000001fecf1de790 code [0x000001fecf1de960, 0x000001fecf1dec88]
Event: 81.335 Thread 0x000001fee4883b20 nmethod 4362 0x000001fed6402c10 code [0x000001fed6402da0, 0x000001fed6402e98]
Event: 81.336 Thread 0x000001fee4883b20 4363 %     4       org.bytedeco.javacv.Java2DFrameConverter::flipCopyWithGamma @ 501 (635 bytes)
Event: 81.352 Thread 0x000001fee4883b20 nmethod 4363% 0x000001fed6401510 code [0x000001fed64016e0, 0x000001fed64024f8]
Event: 81.352 Thread 0x000001fee4883b20 4364   !   4       java.nio.DirectByteBuffer::put (37 bytes)
Event: 81.354 Thread 0x000001fee4883b20 nmethod 4364 0x000001fed6401090 code [0x000001fed6401220, 0x000001fed6401358]

GC Heap History (20 events):
Event: 60.255 GC heap before
{Heap before GC invocations=21 (full 0):
 garbage-first heap   total 131072K, used 74856K [0x0000000081c00000, 0x0000000100000000)
  region size 1024K, 18 young (18432K), 3 survivors (3072K)
 Metaspace       used 24703K, committed 24832K, reserved 1073152K
  class space    used 1922K, committed 1984K, reserved 1048576K
}
Event: 60.258 GC heap after
{Heap after GC invocations=22 (full 0):
 garbage-first heap   total 131072K, used 54372K [0x0000000081c00000, 0x0000000100000000)
  region size 1024K, 3 young (3072K), 3 survivors (3072K)
 Metaspace       used 24703K, committed 24832K, reserved 1073152K
  class space    used 1922K, committed 1984K, reserved 1048576K
}
Event: 61.155 GC heap before
{Heap before GC invocations=22 (full 0):
 garbage-first heap   total 131072K, used 63588K [0x0000000081c00000, 0x0000000100000000)
  region size 1024K, 7 young (7168K), 3 survivors (3072K)
 Metaspace       used 24704K, committed 24832K, reserved 1073152K
  class space    used 1922K, committed 1984K, reserved 1048576K
}
Event: 61.159 GC heap after
{Heap after GC invocations=23 (full 0):
 garbage-first heap   total 131072K, used 31852K [0x0000000081c00000, 0x0000000100000000)
  region size 1024K, 3 young (3072K), 3 survivors (3072K)
 Metaspace       used 24704K, committed 24832K, reserved 1073152K
  class space    used 1922K, committed 1984K, reserved 1048576K
}
Event: 65.440 GC heap before
{Heap before GC invocations=23 (full 0):
 garbage-first heap   total 131072K, used 74860K [0x0000000081c00000, 0x0000000100000000)
  region size 1024K, 18 young (18432K), 3 survivors (3072K)
 Metaspace       used 24786K, committed 24960K, reserved 1073152K
  class space    used 1923K, committed 1984K, reserved 1048576K
}
Event: 65.443 GC heap after
{Heap after GC invocations=24 (full 0):
 garbage-first heap   total 131072K, used 54506K [0x0000000081c00000, 0x0000000100000000)
  region size 1024K, 1 young (1024K), 1 survivors (1024K)
 Metaspace       used 24786K, committed 24960K, reserved 1073152K
  class space    used 1923K, committed 1984K, reserved 1048576K
}
Event: 66.087 GC heap before
{Heap before GC invocations=24 (full 0):
 garbage-first heap   total 131072K, used 60650K [0x0000000081c00000, 0x0000000100000000)
  region size 1024K, 4 young (4096K), 1 survivors (1024K)
 Metaspace       used 24788K, committed 24960K, reserved 1073152K
  class space    used 1923K, committed 1984K, reserved 1048576K
}
Event: 66.088 GC heap after
{Heap after GC invocations=25 (full 0):
 garbage-first heap   total 131072K, used 29837K [0x0000000081c00000, 0x0000000100000000)
  region size 1024K, 1 young (1024K), 1 survivors (1024K)
 Metaspace       used 24788K, committed 24960K, reserved 1073152K
  class space    used 1923K, committed 1984K, reserved 1048576K
}
Event: 70.287 GC heap before
{Heap before GC invocations=25 (full 0):
 garbage-first heap   total 131072K, used 68749K [0x0000000081c00000, 0x0000000100000000)
  region size 1024K, 12 young (12288K), 1 survivors (1024K)
 Metaspace       used 24851K, committed 25024K, reserved 1073152K
  class space    used 1923K, committed 1984K, reserved 1048576K
}
Event: 70.288 GC heap after
{Heap after GC invocations=26 (full 0):
 garbage-first heap   total 131072K, used 54338K [0x0000000081c00000, 0x0000000100000000)
  region size 1024K, 1 young (1024K), 1 survivors (1024K)
 Metaspace       used 24851K, committed 25024K, reserved 1073152K
  class space    used 1923K, committed 1984K, reserved 1048576K
}
Event: 70.917 GC heap before
{Heap before GC invocations=26 (full 0):
 garbage-first heap   total 131072K, used 60482K [0x0000000081c00000, 0x0000000100000000)
  region size 1024K, 4 young (4096K), 1 survivors (1024K)
 Metaspace       used 24887K, committed 25024K, reserved 1073152K
  class space    used 1923K, committed 1984K, reserved 1048576K
}
Event: 70.918 GC heap after
{Heap after GC invocations=27 (full 0):
 garbage-first heap   total 131072K, used 29719K [0x0000000081c00000, 0x0000000100000000)
  region size 1024K, 1 young (1024K), 1 survivors (1024K)
 Metaspace       used 24887K, committed 25024K, reserved 1073152K
  class space    used 1923K, committed 1984K, reserved 1048576K
}
Event: 75.656 GC heap before
{Heap before GC invocations=27 (full 0):
 garbage-first heap   total 131072K, used 76823K [0x0000000081c00000, 0x0000000100000000)
  region size 1024K, 20 young (20480K), 1 survivors (1024K)
 Metaspace       used 28458K, committed 28736K, reserved 1081344K
  class space    used 2438K, committed 2560K, reserved 1048576K
}
Event: 75.658 GC heap after
{Heap after GC invocations=28 (full 0):
 garbage-first heap   total 131072K, used 54762K [0x0000000081c00000, 0x0000000100000000)
  region size 1024K, 1 young (1024K), 1 survivors (1024K)
 Metaspace       used 28458K, committed 28736K, reserved 1081344K
  class space    used 2438K, committed 2560K, reserved 1048576K
}
Event: 76.314 GC heap before
{Heap before GC invocations=28 (full 0):
 garbage-first heap   total 131072K, used 60906K [0x0000000081c00000, 0x0000000100000000)
  region size 1024K, 4 young (4096K), 1 survivors (1024K)
 Metaspace       used 28473K, committed 28736K, reserved 1081344K
  class space    used 2438K, committed 2560K, reserved 1048576K
}
Event: 76.316 GC heap after
{Heap after GC invocations=29 (full 0):
 garbage-first heap   total 131072K, used 30153K [0x0000000081c00000, 0x0000000100000000)
  region size 1024K, 1 young (1024K), 1 survivors (1024K)
 Metaspace       used 28473K, committed 28736K, reserved 1081344K
  class space    used 2438K, committed 2560K, reserved 1048576K
}
Event: 80.759 GC heap before
{Heap before GC invocations=29 (full 0):
 garbage-first heap   total 131072K, used 71113K [0x0000000081c00000, 0x0000000100000000)
  region size 1024K, 15 young (15360K), 1 survivors (1024K)
 Metaspace       used 28635K, committed 28864K, reserved 1081344K
  class space    used 2451K, committed 2560K, reserved 1048576K
}
Event: 80.760 GC heap after
{Heap after GC invocations=30 (full 0):
 garbage-first heap   total 131072K, used 53805K [0x0000000081c00000, 0x0000000100000000)
  region size 1024K, 1 young (1024K), 1 survivors (1024K)
 Metaspace       used 28635K, committed 28864K, reserved 1081344K
  class space    used 2451K, committed 2560K, reserved 1048576K
}
Event: 81.275 GC heap before
{Heap before GC invocations=30 (full 0):
 garbage-first heap   total 131072K, used 59949K [0x0000000081c00000, 0x0000000100000000)
  region size 1024K, 4 young (4096K), 1 survivors (1024K)
 Metaspace       used 28657K, committed 28864K, reserved 1081344K
  class space    used 2454K, committed 2560K, reserved 1048576K
}
Event: 81.276 GC heap after
{Heap after GC invocations=31 (full 0):
 garbage-first heap   total 131072K, used 30187K [0x0000000081c00000, 0x0000000100000000)
  region size 1024K, 1 young (1024K), 1 survivors (1024K)
 Metaspace       used 28657K, committed 28864K, reserved 1081344K
  class space    used 2454K, committed 2560K, reserved 1048576K
}

Deoptimization events (20 events):
Event: 81.332 Thread 0x000001fee68fc590 Uncommon trap: trap_request=0xffffffbe fr.pc=0x000001fed655bdc0 relative=0x0000000000000a60
Event: 81.332 Thread 0x000001fee68fc590 Uncommon trap: reason=profile_predicate action=maybe_recompile pc=0x000001fed655bdc0 method=org.bytedeco.javacv.Java2DFrameConverter.flipCopyWithGamma(Ljava/nio/ByteBuffer;IILjava/nio/ByteBuffer;IIZDZI)V @ 46 c2
Event: 81.332 Thread 0x000001fee68fc590 DEOPT PACKING pc=0x000001fed655bdc0 sp=0x000000b0b72fe8d0
Event: 81.332 Thread 0x000001fee68fc590 DEOPT UNPACKING pc=0x000001fece92d72e sp=0x000000b0b72fe868 mode 2
Event: 81.333 Thread 0x000001fee68fc590 Uncommon trap: trap_request=0xffffffde fr.pc=0x000001fed6554a64 relative=0x00000000000012a4
Event: 81.333 Thread 0x000001fee68fc590 Uncommon trap: reason=class_check action=maybe_recompile pc=0x000001fed6554a64 method=org.bytedeco.javacv.Java2DFrameConverter.flipCopyWithGamma(Ljava/nio/ByteBuffer;IILjava/nio/ByteBuffer;IIZDZI)V @ 513 c2
Event: 81.333 Thread 0x000001fee68fc590 DEOPT PACKING pc=0x000001fed6554a64 sp=0x000000b0b72fe880
Event: 81.333 Thread 0x000001fee68fc590 DEOPT UNPACKING pc=0x000001fece92d72e sp=0x000000b0b72fe868 mode 2
Event: 81.334 Thread 0x000001fee68fc590 Uncommon trap: trap_request=0xffffffde fr.pc=0x000001fed6554a64 relative=0x00000000000012a4
Event: 81.334 Thread 0x000001fee68fc590 Uncommon trap: reason=class_check action=maybe_recompile pc=0x000001fed6554a64 method=org.bytedeco.javacv.Java2DFrameConverter.flipCopyWithGamma(Ljava/nio/ByteBuffer;IILjava/nio/ByteBuffer;IIZDZI)V @ 513 c2
Event: 81.334 Thread 0x000001fee68fc590 DEOPT PACKING pc=0x000001fed6554a64 sp=0x000000b0b72fe880
Event: 81.334 Thread 0x000001fee68fc590 DEOPT UNPACKING pc=0x000001fece92d72e sp=0x000000b0b72fe868 mode 2
Event: 81.334 Thread 0x000001fee68fc590 Uncommon trap: trap_request=0xffffffde fr.pc=0x000001fed6554a64 relative=0x00000000000012a4
Event: 81.334 Thread 0x000001fee68fc590 Uncommon trap: reason=class_check action=maybe_recompile pc=0x000001fed6554a64 method=org.bytedeco.javacv.Java2DFrameConverter.flipCopyWithGamma(Ljava/nio/ByteBuffer;IILjava/nio/ByteBuffer;IIZDZI)V @ 513 c2
Event: 81.334 Thread 0x000001fee68fc590 DEOPT PACKING pc=0x000001fed6554a64 sp=0x000000b0b72fe880
Event: 81.334 Thread 0x000001fee68fc590 DEOPT UNPACKING pc=0x000001fece92d72e sp=0x000000b0b72fe868 mode 2
Event: 81.334 Thread 0x000001fee68fc590 Uncommon trap: trap_request=0xffffffde fr.pc=0x000001fed6554a64 relative=0x00000000000012a4
Event: 81.334 Thread 0x000001fee68fc590 Uncommon trap: reason=class_check action=maybe_recompile pc=0x000001fed6554a64 method=org.bytedeco.javacv.Java2DFrameConverter.flipCopyWithGamma(Ljava/nio/ByteBuffer;IILjava/nio/ByteBuffer;IIZDZI)V @ 513 c2
Event: 81.334 Thread 0x000001fee68fc590 DEOPT PACKING pc=0x000001fed6554a64 sp=0x000000b0b72fe880
Event: 81.334 Thread 0x000001fee68fc590 DEOPT UNPACKING pc=0x000001fece92d72e sp=0x000000b0b72fe868 mode 2

Classes unloaded (0 events):
No events

Classes redefined (0 events):
No events

Internal exceptions (20 events):
Event: 0.346 Thread 0x000001fec71594a0 Exception <a 'java/lang/NoSuchMethodError'{0x000000008973d8f0}: 'void java.lang.invoke.DirectMethodHandle$Holder.invokeStaticInit(java.lang.Object, java.lang.Object)'> (0x000000008973d8f0) 
thrown [t:\workspace\open\src\hotspot\share\interpreter\linkResolver.cpp, line 790]
Event: 0.349 Thread 0x000001fec71594a0 Exception <a 'java/lang/NoSuchMethodError'{0x0000000089744208}: 'int java.lang.invoke.DirectMethodHandle$Holder.invokeStaticInit(java.lang.Object, java.lang.Object)'> (0x0000000089744208) 
thrown [t:\workspace\open\src\hotspot\share\interpreter\linkResolver.cpp, line 790]
Event: 1.664 Thread 0x000001fec71594a0 Exception <a 'sun/nio/fs/WindowsException'{0x0000000089951398}> (0x0000000089951398) 
thrown [t:\workspace\open\src\hotspot\share\prims\jni.cpp, line 579]
Event: 1.665 Thread 0x000001fec71594a0 Exception <a 'sun/nio/fs/WindowsException'{0x00000000899513c8}> (0x00000000899513c8) 
thrown [t:\workspace\open\src\hotspot\share\prims\jni.cpp, line 579]
Event: 3.828 Thread 0x000001fec71594a0 Exception <a 'java/lang/NoSuchMethodError'{0x0000000085514028}: 'java.lang.Object java.lang.invoke.DirectMethodHandle$Holder.invokeStaticInit(java.lang.Object)'> (0x0000000085514028) 
thrown [t:\workspace\open\src\hotspot\share\interpreter\linkResolver.cpp, line 790]
Event: 3.892 Thread 0x000001fec71594a0 Exception <a 'java/lang/NoSuchMethodError'{0x0000000085404a68}: 'java.lang.Object java.lang.invoke.DirectMethodHandle$Holder.newInvokeSpecial(java.lang.Object, java.lang.Object, java.lang.Object, java.lang.Object, java.lang.Object)'> (0x0000000085404a68) 
thrown [t:\workspace\open\src\hotspot\share\interpreter\linkResolver.cpp, line 790]
Event: 3.896 Thread 0x000001fec71594a0 Exception <a 'java/lang/NoSuchMethodError'{0x0000000085410550}: 'java.lang.Object java.lang.invoke.DirectMethodHandle$Holder.invokeStatic(java.lang.Object, int, java.lang.Object, java.lang.Object, java.lang.Object, java.lang.Object)'> (0x0000000085410550) 
thrown [t:\workspace\open\src\hotspot\share\interpreter\linkResolver.cpp, line 790]
Event: 3.905 Thread 0x000001fec71594a0 Exception <a 'java/lang/NoSuchMethodError'{0x0000000085436618}: 'java.lang.Object java.lang.invoke.DirectMethodHandle$Holder.invokeStatic(java.lang.Object, int, java.lang.Object)'> (0x0000000085436618) 
thrown [t:\workspace\open\src\hotspot\share\interpreter\linkResolver.cpp, line 790]
Event: 3.958 Thread 0x000001fec71594a0 Exception <a 'java/lang/ClassNotFoundException'{0x00000000854f31c0}: com/sun/swing/internal/plaf/metal/resources/spi/metalProvider> (0x00000000854f31c0) 
thrown [t:\workspace\open\src\hotspot\share\classfile\systemDictionary.cpp, line 256]
Event: 3.960 Thread 0x000001fec71594a0 Exception <a 'java/lang/ClassNotFoundException'{0x00000000854f7178}: com/sun/swing/internal/plaf/basic/resources/spi/basicProvider> (0x00000000854f7178) 
thrown [t:\workspace\open\src\hotspot\share\classfile\systemDictionary.cpp, line 256]
Event: 3.975 Thread 0x000001fec71594a0 Implicit null exception at 0x000001fed643c50c to 0x000001fed643c918
Event: 3.975 Thread 0x000001fec71594a0 Implicit null exception at 0x000001fed641cd2f to 0x000001fed641cdad
Event: 7.598 Thread 0x000001fee65f9270 Exception <a 'java/lang/NoSuchMethodError'{0x0000000088e88d70}: 'void java.lang.invoke.DirectMethodHandle$Holder.invokeVirtual(java.lang.Object, java.lang.Object)'> (0x0000000088e88d70) 
thrown [t:\workspace\open\src\hotspot\share\interpreter\linkResolver.cpp, line 790]
Event: 7.629 Thread 0x000001fec71594a0 Exception <a 'java/lang/NoSuchMethodError'{0x0000000088e7e7f8}: 'void java.lang.invoke.DirectMethodHandle$Holder.invokeStaticInit(java.lang.Object)'> (0x0000000088e7e7f8) 
thrown [t:\workspace\open\src\hotspot\share\interpreter\linkResolver.cpp, line 790]
Event: 27.155 Thread 0x000001fee68fa5b0 Exception <a 'java/lang/NoSuchMethodError'{0x0000000088ae2ae8}: 'java.lang.Object java.lang.invoke.DirectMethodHandle$Holder.invokeStaticInit(java.lang.Object, int, int, int, int)'> (0x0000000088ae2ae8) 
thrown [t:\workspace\open\src\hotspot\share\interpreter\linkResolver.cpp, line 790]
Event: 27.268 Thread 0x000001fee68fa5b0 Exception <a 'java/lang/NoSuchMethodError'{0x00000000889a5488}: 'java.lang.Object java.lang.invoke.DirectMethodHandle$Holder.invokeStaticInit(java.lang.Object, java.lang.Object, int, int, int, int)'> (0x00000000889a5488) 
thrown [t:\workspace\open\src\hotspot\share\interpreter\linkResolver.cpp, line 790]
Event: 27.337 Thread 0x000001fee68fa5b0 Exception <a 'java/lang/NoClassDefFoundError'{0x00000000888c6350}: org/apache/log4j/Priority> (0x00000000888c6350) 
thrown [t:\workspace\open\src\hotspot\share\classfile\systemDictionary.cpp, line 245]
Event: 71.621 Thread 0x000001fee68fc590 Exception <a 'java/lang/NoSuchMethodError'{0x00000000897621a0}: 'void java.lang.invoke.DirectMethodHandle$Holder.invokeStatic(java.lang.Object, java.lang.Object, java.lang.Object)'> (0x00000000897621a0) 
thrown [t:\workspace\open\src\hotspot\share\interpreter\linkResolver.cpp, line 790]
Event: 71.640 Thread 0x000001fee68fcae0 Exception <a 'java/lang/NoSuchMethodError'{0x00000000897cff08}: 'java.lang.Object java.lang.invoke.DirectMethodHandle$Holder.newInvokeSpecial(java.lang.Object, java.lang.Object, java.lang.Object, int, int, int, int, int)'> (0x00000000897cff08) 
thrown [t:\workspace\open\src\hotspot\share\interpreter\linkResolver.cpp, line 790]
Event: 72.644 Thread 0x000001fee68fc590 Exception <a 'java/lang/NoSuchMethodError'{0x00000000893965f0}: 'int java.lang.invoke.DirectMethodHandle$Holder.invokeStatic(java.lang.Object)'> (0x00000000893965f0) 
thrown [t:\workspace\open\src\hotspot\share\interpreter\linkResolver.cpp, line 790]

Events (20 events):
Event: 79.336 Executing  VM operation: Cleanup
Event: 79.336 Executing  VM operation: Cleanup done
Event: 79.593 loading class javax/swing/plaf/BorderUIResource$LineBorderUIResource
Event: 79.593 loading class javax/swing/plaf/BorderUIResource$LineBorderUIResource done
Event: 80.347 Executing  VM operation: Cleanup
Event: 80.347 Executing  VM operation: Cleanup done
Event: 80.759 Executing  VM operation: G1TryInitiateConcMark
Event: 80.760 Executing  VM operation: G1TryInitiateConcMark done
Event: 81.200 loading class java/awt/KeyboardFocusManager$2
Event: 81.200 loading class java/awt/KeyboardFocusManager$2 done
Event: 81.200 loading class sun/awt/SunToolkit$1
Event: 81.200 loading class sun/awt/SunToolkit$1 done
Event: 81.228 loading class sun/awt/im/InputContext$1
Event: 81.228 loading class sun/awt/im/InputContext$1 done
Event: 81.230 loading class java/awt/Window$1DisposeAction
Event: 81.230 loading class java/awt/Window$1DisposeAction done
Event: 81.230 loading class java/awt/EventQueue$1AWTInvocationLock
Event: 81.230 loading class java/awt/EventQueue$1AWTInvocationLock done
Event: 81.275 Executing  VM operation: G1TryInitiateConcMark
Event: 81.276 Executing  VM operation: G1TryInitiateConcMark done


Dynamic libraries:
0x00007ff72e5d0000 - 0x00007ff72e5e0000 	C:\Program Files\Java\jdk-16.0.2\bin\javaw.exe
0x00007fffe2d70000 - 0x00007fffe2f65000 	C:\WINDOWS\SYSTEM32\ntdll.dll
0x00007fffe0e20000 - 0x00007fffe0ede000 	C:\WINDOWS\System32\KERNEL32.DLL
0x00007fffe0990000 - 0x00007fffe0c58000 	C:\WINDOWS\System32\KERNELBASE.dll
0x00007fffe0780000 - 0x00007fffe0880000 	C:\WINDOWS\System32\ucrtbase.dll
0x00007fffc3960000 - 0x00007fffc3978000 	C:\Program Files\Java\jdk-16.0.2\bin\jli.dll
0x00007fffe1140000 - 0x00007fffe11ee000 	C:\WINDOWS\System32\ADVAPI32.dll
0x00007fffe0ee0000 - 0x00007fffe0f7e000 	C:\WINDOWS\System32\msvcrt.dll
0x00007fffe29c0000 - 0x00007fffe2a5c000 	C:\WINDOWS\System32\sechost.dll
0x00007fffe1c50000 - 0x00007fffe1d75000 	C:\WINDOWS\System32\RPCRT4.dll
0x00007fffe2780000 - 0x00007fffe2920000 	C:\WINDOWS\System32\USER32.dll
0x00007fffe0590000 - 0x00007fffe05b2000 	C:\WINDOWS\System32\win32u.dll
0x00007fffe11f0000 - 0x00007fffe121b000 	C:\WINDOWS\System32\GDI32.dll
0x00007fffe0480000 - 0x00007fffe058d000 	C:\WINDOWS\System32\gdi32full.dll
0x00007fffe08f0000 - 0x00007fffe098d000 	C:\WINDOWS\System32\msvcp_win.dll
0x00007fffc3940000 - 0x00007fffc3959000 	C:\Program Files\Java\jdk-16.0.2\bin\VCRUNTIME140.dll
0x00007fffc6460000 - 0x00007fffc66fa000 	C:\WINDOWS\WinSxS\amd64_microsoft.windows.common-controls_6595b64144ccf1df_6.0.19041.1110_none_60b5254171f9507e\COMCTL32.dll
0x00007fffd4750000 - 0x00007fffd475a000 	C:\WINDOWS\SYSTEM32\VERSION.dll
0x00007fffe0f80000 - 0x00007fffe0fb0000 	C:\WINDOWS\System32\IMM32.DLL
0x00007fffdc8f0000 - 0x00007fffdc8fc000 	C:\Program Files\Java\jdk-16.0.2\bin\vcruntime140_1.dll
0x00007fffc3640000 - 0x00007fffc36d1000 	C:\Program Files\Java\jdk-16.0.2\bin\msvcp140.dll
0x00007fffa8b50000 - 0x00007fffa96fb000 	C:\Program Files\Java\jdk-16.0.2\bin\server\jvm.dll
0x00007fffe1fc0000 - 0x00007fffe1fc8000 	C:\WINDOWS\System32\PSAPI.DLL
0x00007fffd2770000 - 0x00007fffd2779000 	C:\WINDOWS\SYSTEM32\WSOCK32.dll
0x00007fffe2a60000 - 0x00007fffe2acb000 	C:\WINDOWS\System32\WS2_32.dll
0x00007fffd3d60000 - 0x00007fffd3d87000 	C:\WINDOWS\SYSTEM32\WINMM.dll
0x00007fffde370000 - 0x00007fffde382000 	C:\WINDOWS\SYSTEM32\kernel.appcore.dll
0x00007fffdbe00000 - 0x00007fffdbe0a000 	C:\Program Files\Java\jdk-16.0.2\bin\jimage.dll
0x00007fffd2190000 - 0x00007fffd2374000 	C:\WINDOWS\SYSTEM32\DBGHELP.DLL
0x00007fffd1430000 - 0x00007fffd145c000 	C:\WINDOWS\SYSTEM32\dbgcore.DLL
0x00007fffe06f0000 - 0x00007fffe0772000 	C:\WINDOWS\System32\bcryptPrimitives.dll
0x00007fffc38f0000 - 0x00007fffc3915000 	C:\Program Files\Java\jdk-16.0.2\bin\java.dll
0x00007fffe2030000 - 0x00007fffe2774000 	C:\WINDOWS\System32\SHELL32.dll
0x00007fffde570000 - 0x00007fffded04000 	C:\WINDOWS\SYSTEM32\windows.storage.dll
0x00007fffe17c0000 - 0x00007fffe1b15000 	C:\WINDOWS\System32\combase.dll
0x00007fffdfed0000 - 0x00007fffdfefe000 	C:\WINDOWS\SYSTEM32\Wldp.dll
0x00007fffe0fb0000 - 0x00007fffe105d000 	C:\WINDOWS\System32\SHCORE.dll
0x00007fffe0dc0000 - 0x00007fffe0e15000 	C:\WINDOWS\System32\shlwapi.dll
0x00007fffe03c0000 - 0x00007fffe03df000 	C:\WINDOWS\SYSTEM32\profapi.dll
0x00007fffc3820000 - 0x00007fffc3839000 	C:\Program Files\Java\jdk-16.0.2\bin\net.dll
0x00007fffd6030000 - 0x00007fffd613c000 	C:\WINDOWS\SYSTEM32\WINHTTP.dll
0x00007fffdfc30000 - 0x00007fffdfc9a000 	C:\WINDOWS\system32\mswsock.dll
0x00007fffc3800000 - 0x00007fffc3813000 	C:\Program Files\Java\jdk-16.0.2\bin\nio.dll
0x00007fffc3620000 - 0x00007fffc3638000 	C:\Program Files\Java\jdk-16.0.2\bin\zip.dll
0x00007fffa3690000 - 0x00007fffa3810000 	C:\Program Files\Java\jdk-16.0.2\bin\awt.dll
0x00007fffe1ef0000 - 0x00007fffe1fbd000 	C:\WINDOWS\System32\OLEAUT32.dll
0x00007fffddcb0000 - 0x00007fffddd40000 	C:\WINDOWS\SYSTEM32\apphelp.dll
0x000001fec70d0000 - 0x000001fec70d3000 	C:\Users\LAPTOP USA\.javacpp\cache\javacpp-windows-x86_64.jar\org\bytedeco\javacpp\windows-x86_64\api-ms-win-crt-locale-l1-1-0.dll
0x000001fec70e0000 - 0x000001fec70e4000 	C:\Users\LAPTOP USA\.javacpp\cache\javacpp-windows-x86_64.jar\org\bytedeco\javacpp\windows-x86_64\api-ms-win-crt-string-l1-1-0.dll
0x000001fec70f0000 - 0x000001fec70f4000 	C:\Users\LAPTOP USA\.javacpp\cache\javacpp-windows-x86_64.jar\org\bytedeco\javacpp\windows-x86_64\api-ms-win-crt-stdio-l1-1-0.dll
0x000001fec7100000 - 0x000001fec7105000 	C:\Users\LAPTOP USA\.javacpp\cache\javacpp-windows-x86_64.jar\org\bytedeco\javacpp\windows-x86_64\api-ms-win-crt-math-l1-1-0.dll
0x000001fec7110000 - 0x000001fec7113000 	C:\Users\LAPTOP USA\.javacpp\cache\javacpp-windows-x86_64.jar\org\bytedeco\javacpp\windows-x86_64\api-ms-win-crt-heap-l1-1-0.dll
0x000001fec7120000 - 0x000001fec7124000 	C:\Users\LAPTOP USA\.javacpp\cache\javacpp-windows-x86_64.jar\org\bytedeco\javacpp\windows-x86_64\api-ms-win-crt-runtime-l1-1-0.dll
0x000001fec7130000 - 0x000001fec7134000 	C:\Users\LAPTOP USA\.javacpp\cache\javacpp-windows-x86_64.jar\org\bytedeco\javacpp\windows-x86_64\api-ms-win-crt-convert-l1-1-0.dll
0x000001fee4b70000 - 0x000001fee4b73000 	C:\Users\LAPTOP USA\.javacpp\cache\javacpp-windows-x86_64.jar\org\bytedeco\javacpp\windows-x86_64\api-ms-win-crt-environment-l1-1-0.dll
0x000001fee4b80000 - 0x000001fee4b83000 	C:\Users\LAPTOP USA\.javacpp\cache\javacpp-windows-x86_64.jar\org\bytedeco\javacpp\windows-x86_64\api-ms-win-crt-time-l1-1-0.dll
0x000001fee4b90000 - 0x000001fee4b93000 	C:\Users\LAPTOP USA\.javacpp\cache\javacpp-windows-x86_64.jar\org\bytedeco\javacpp\windows-x86_64\api-ms-win-crt-filesystem-l1-1-0.dll
0x000001fee4ba0000 - 0x000001fee4ba3000 	C:\Users\LAPTOP USA\.javacpp\cache\javacpp-windows-x86_64.jar\org\bytedeco\javacpp\windows-x86_64\api-ms-win-crt-utility-l1-1-0.dll
0x000001fee4bb0000 - 0x000001fee4bb5000 	C:\Users\LAPTOP USA\.javacpp\cache\javacpp-windows-x86_64.jar\org\bytedeco\javacpp\windows-x86_64\api-ms-win-crt-multibyte-l1-1-0.dll
0x000001fee4bc0000 - 0x000001fee4bc3000 	C:\Users\LAPTOP USA\.javacpp\cache\javacpp-windows-x86_64.jar\org\bytedeco\javacpp\windows-x86_64\api-ms-win-crt-conio-l1-1-0.dll
0x000001fee4bd0000 - 0x000001fee4be0000 	C:\Users\LAPTOP USA\.javacpp\cache\javacpp-windows-x86_64.jar\org\bytedeco\javacpp\windows-x86_64\api-ms-win-crt-private-l1-1-0.dll
0x000001fee4be0000 - 0x000001fee4be3000 	C:\Users\LAPTOP USA\.javacpp\cache\javacpp-windows-x86_64.jar\org\bytedeco\javacpp\windows-x86_64\api-ms-win-crt-process-l1-1-0.dll
0x000001fee4bf0000 - 0x000001fee4bf3000 	C:\Users\LAPTOP USA\.javacpp\cache\javacpp-windows-x86_64.jar\org\bytedeco\javacpp\windows-x86_64\api-ms-win-core-console-l1-2-0.dll
0x000001fee6000000 - 0x000001fee6003000 	C:\Users\LAPTOP USA\.javacpp\cache\javacpp-windows-x86_64.jar\org\bytedeco\javacpp\windows-x86_64\api-ms-win-core-string-l1-1-0.dll
0x000001fee6010000 - 0x000001fee6013000 	C:\Users\LAPTOP USA\.javacpp\cache\javacpp-windows-x86_64.jar\org\bytedeco\javacpp\windows-x86_64\api-ms-win-core-errorhandling-l1-1-0.dll
0x000001fee6020000 - 0x000001fee6023000 	C:\Users\LAPTOP USA\.javacpp\cache\javacpp-windows-x86_64.jar\org\bytedeco\javacpp\windows-x86_64\api-ms-win-core-timezone-l1-1-0.dll
0x000001fee6030000 - 0x000001fee6034000 	C:\Users\LAPTOP USA\.javacpp\cache\javacpp-windows-x86_64.jar\org\bytedeco\javacpp\windows-x86_64\api-ms-win-core-file-l1-1-0.dll
0x000001fee6040000 - 0x000001fee6043000 	C:\Users\LAPTOP USA\.javacpp\cache\javacpp-windows-x86_64.jar\org\bytedeco\javacpp\windows-x86_64\api-ms-win-core-namedpipe-l1-1-0.dll
0x000001fee6050000 - 0x000001fee6053000 	C:\Users\LAPTOP USA\.javacpp\cache\javacpp-windows-x86_64.jar\org\bytedeco\javacpp\windows-x86_64\api-ms-win-core-handle-l1-1-0.dll
0x000001fee7030000 - 0x000001fee7033000 	C:\Users\LAPTOP USA\.javacpp\cache\javacpp-windows-x86_64.jar\org\bytedeco\javacpp\windows-x86_64\api-ms-win-core-file-l2-1-0.dll
0x000001fee7040000 - 0x000001fee7043000 	C:\Users\LAPTOP USA\.javacpp\cache\javacpp-windows-x86_64.jar\org\bytedeco\javacpp\windows-x86_64\api-ms-win-core-heap-l1-1-0.dll
0x000001fee7050000 - 0x000001fee7053000 	C:\Users\LAPTOP USA\.javacpp\cache\javacpp-windows-x86_64.jar\org\bytedeco\javacpp\windows-x86_64\api-ms-win-core-libraryloader-l1-1-0.dll
0x000001fee7060000 - 0x000001fee7063000 	C:\Users\LAPTOP USA\.javacpp\cache\javacpp-windows-x86_64.jar\org\bytedeco\javacpp\windows-x86_64\api-ms-win-core-synch-l1-1-0.dll
0x000001fee7070000 - 0x000001fee7073000 	C:\Users\LAPTOP USA\.javacpp\cache\javacpp-windows-x86_64.jar\org\bytedeco\javacpp\windows-x86_64\api-ms-win-core-processthreads-l1-1-0.dll
0x000001fee7080000 - 0x000001fee7083000 	C:\Users\LAPTOP USA\.javacpp\cache\javacpp-windows-x86_64.jar\org\bytedeco\javacpp\windows-x86_64\api-ms-win-core-processenvironment-l1-1-0.dll
0x000001fee7090000 - 0x000001fee7093000 	C:\Users\LAPTOP USA\.javacpp\cache\javacpp-windows-x86_64.jar\org\bytedeco\javacpp\windows-x86_64\api-ms-win-core-datetime-l1-1-0.dll
0x000001fee70a0000 - 0x000001fee70a3000 	C:\Users\LAPTOP USA\.javacpp\cache\javacpp-windows-x86_64.jar\org\bytedeco\javacpp\windows-x86_64\api-ms-win-core-localization-l1-2-0.dll
0x000001fee71c0000 - 0x000001fee71c3000 	C:\Users\LAPTOP USA\.javacpp\cache\javacpp-windows-x86_64.jar\org\bytedeco\javacpp\windows-x86_64\api-ms-win-core-sysinfo-l1-1-0.dll
0x000001fee71d0000 - 0x000001fee71d3000 	C:\Users\LAPTOP USA\.javacpp\cache\javacpp-windows-x86_64.jar\org\bytedeco\javacpp\windows-x86_64\api-ms-win-core-synch-l1-2-0.dll
0x000001fee70b0000 - 0x000001fee70b3000 	C:\Users\LAPTOP USA\.javacpp\cache\javacpp-windows-x86_64.jar\org\bytedeco\javacpp\windows-x86_64\api-ms-win-core-console-l1-1-0.dll
0x000001fee70c0000 - 0x000001fee70c3000 	C:\Users\LAPTOP USA\.javacpp\cache\javacpp-windows-x86_64.jar\org\bytedeco\javacpp\windows-x86_64\api-ms-win-core-debug-l1-1-0.dll
0x000001fee70d0000 - 0x000001fee70d3000 	C:\Users\LAPTOP USA\.javacpp\cache\javacpp-windows-x86_64.jar\org\bytedeco\javacpp\windows-x86_64\api-ms-win-core-rtlsupport-l1-1-0.dll
0x000001fee70e0000 - 0x000001fee70e3000 	C:\Users\LAPTOP USA\.javacpp\cache\javacpp-windows-x86_64.jar\org\bytedeco\javacpp\windows-x86_64\api-ms-win-core-processthreads-l1-1-1.dll
0x000001fee70f0000 - 0x000001fee70f3000 	C:\Users\LAPTOP USA\.javacpp\cache\javacpp-windows-x86_64.jar\org\bytedeco\javacpp\windows-x86_64\api-ms-win-core-file-l1-2-0.dll
0x000001fee7100000 - 0x000001fee7103000 	C:\Users\LAPTOP USA\.javacpp\cache\javacpp-windows-x86_64.jar\org\bytedeco\javacpp\windows-x86_64\api-ms-win-core-profile-l1-1-0.dll
0x000001fee7110000 - 0x000001fee7113000 	C:\Users\LAPTOP USA\.javacpp\cache\javacpp-windows-x86_64.jar\org\bytedeco\javacpp\windows-x86_64\api-ms-win-core-memory-l1-1-0.dll
0x000001fee7120000 - 0x000001fee7123000 	C:\Users\LAPTOP USA\.javacpp\cache\javacpp-windows-x86_64.jar\org\bytedeco\javacpp\windows-x86_64\api-ms-win-core-util-l1-1-0.dll
0x000001fee7130000 - 0x000001fee7133000 	C:\Users\LAPTOP USA\.javacpp\cache\javacpp-windows-x86_64.jar\org\bytedeco\javacpp\windows-x86_64\api-ms-win-core-interlocked-l1-1-0.dll
0x00007fffa3d00000 - 0x00007fffa3e00000 	C:\Users\LAPTOP USA\.javacpp\cache\javacpp-windows-x86_64.jar\org\bytedeco\javacpp\windows-x86_64\ucrtbase.dll
0x00007fffc32e0000 - 0x00007fffc32fb000 	C:\Users\LAPTOP USA\.javacpp\cache\javacpp-windows-x86_64.jar\org\bytedeco\javacpp\windows-x86_64\vcruntime140.dll
0x00007fffdbdf0000 - 0x00007fffdbdfc000 	C:\Users\LAPTOP USA\.javacpp\cache\javacpp-windows-x86_64.jar\org\bytedeco\javacpp\windows-x86_64\vcruntime140_1.dll
0x00007fffb3990000 - 0x00007fffb3a1d000 	C:\Users\LAPTOP USA\.javacpp\cache\javacpp-windows-x86_64.jar\org\bytedeco\javacpp\windows-x86_64\msvcp140.dll
0x00007fffc38e0000 - 0x00007fffc38e9000 	C:\Users\LAPTOP USA\.javacpp\cache\javacpp-windows-x86_64.jar\org\bytedeco\javacpp\windows-x86_64\msvcp140_1.dll
0x00007fffb14b0000 - 0x00007fffb14fe000 	C:\Users\LAPTOP USA\.javacpp\cache\javacpp-windows-x86_64.jar\org\bytedeco\javacpp\windows-x86_64\concrt140.dll
0x00007fffb1470000 - 0x00007fffb14a1000 	C:\Users\LAPTOP USA\.javacpp\cache\javacpp-windows-x86_64.jar\org\bytedeco\javacpp\windows-x86_64\vcomp140.dll
0x00007fffc3610000 - 0x00007fffc361e000 	C:\Users\LAPTOP USA\.javacpp\cache\javacpp-windows-x86_64.jar\org\bytedeco\javacpp\windows-x86_64\jnijavacpp.dll
0x00007fff914f0000 - 0x00007fff9316f000 	C:\Users\LAPTOP USA\.javacpp\cache\openblas-windows-x86_64.jar\org\bytedeco\openblas\windows-x86_64\libopenblas_nolapack.dll
0x00007fffa5030000 - 0x00007fffa508c000 	C:\Users\LAPTOP USA\.javacpp\cache\openblas-windows-x86_64.jar\org\bytedeco\openblas\windows-x86_64\jniopenblas_nolapack.dll
0x00007fff8dc40000 - 0x00007fff8f8bf000 	C:\Users\LAPTOP USA\.javacpp\cache\openblas-windows-x86_64.jar\org\bytedeco\openblas\windows-x86_64\libopenblas.dll
0x00007fff90130000 - 0x00007fff914e1000 	C:\Users\LAPTOP USA\.javacpp\cache\openblas-windows-x86_64.jar\org\bytedeco\openblas\windows-x86_64\jniopenblas.dll
0x00007fff8d7b0000 - 0x00007fff8dc3a000 	C:\Users\LAPTOP USA\.javacpp\cache\opencv-windows-x86_64.jar\org\bytedeco\opencv\windows-x86_64\opencv_core453.dll
0x00007fff8d070000 - 0x00007fff8d7a7000 	C:\Users\LAPTOP USA\.javacpp\cache\opencv-windows-x86_64.jar\org\bytedeco\opencv\windows-x86_64\opencv_imgproc453.dll
0x00007fff9b9e0000 - 0x00007fff9bc72000 	C:\Users\LAPTOP USA\.javacpp\cache\opencv-windows-x86_64.jar\org\bytedeco\opencv\windows-x86_64\jniopencv_core.dll
0x00007fffde080000 - 0x00007fffde0af000 	C:\WINDOWS\system32\DWMAPI.DLL
0x00007fffdddf0000 - 0x00007fffdde8e000 	C:\WINDOWS\system32\uxtheme.dll
0x00007fffa2cf0000 - 0x00007fffa2e15000 	C:\WINDOWS\system32\opengl32.dll
0x00007fffb3960000 - 0x00007fffb398c000 	C:\WINDOWS\SYSTEM32\GLU32.dll
0x00007fffe16a0000 - 0x00007fffe17b6000 	C:\WINDOWS\System32\MSCTF.dll
0x00007fffe1b20000 - 0x00007fffe1c4a000 	C:\WINDOWS\System32\ole32.dll
0x00007fffa2900000 - 0x00007fffa2a23000 	C:\Users\LAPTOP USA\.javacpp\cache\opencv-windows-x86_64.jar\org\bytedeco\opencv\windows-x86_64\jniopencv_imgproc.dll
0x00007fff8cc40000 - 0x00007fff8d066000 	C:\Users\LAPTOP USA\.javacpp\cache\opencv-windows-x86_64.jar\org\bytedeco\opencv\windows-x86_64\opencv_imgcodecs453.dll
0x00007fffa3ae0000 - 0x00007fffa3b12000 	C:\Users\LAPTOP USA\.javacpp\cache\opencv-windows-x86_64.jar\org\bytedeco\opencv\windows-x86_64\jniopencv_imgcodecs.dll
0x00007fff9df90000 - 0x00007fff9e050000 	C:\Users\LAPTOP USA\.javacpp\cache\opencv-windows-x86_64.jar\org\bytedeco\opencv\windows-x86_64\opencv_videoio453.dll
0x00007fffbbdd0000 - 0x00007fffbbf8c000 	C:\WINDOWS\SYSTEM32\MFPlat.DLL
0x00007fff9b3e0000 - 0x00007fff9b464000 	C:\WINDOWS\SYSTEM32\MF.dll
0x00007fffe05c0000 - 0x00007fffe060e000 	C:\WINDOWS\System32\cfgmgr32.dll
0x00007fffded70000 - 0x00007fffdee64000 	C:\WINDOWS\SYSTEM32\dxgi.dll
0x00007fff9b8d0000 - 0x00007fff9b9da000 	C:\WINDOWS\SYSTEM32\MFReadWrite.dll
0x00007fffdc970000 - 0x00007fffdcbd4000 	C:\WINDOWS\SYSTEM32\d3d11.dll
0x00007fff8b3e0000 - 0x00007fff8b871000 	C:\WINDOWS\SYSTEM32\MFCORE.DLL
0x00007fffe0c60000 - 0x00007fffe0db6000 	C:\WINDOWS\System32\CRYPT32.dll
0x00007fffe0610000 - 0x00007fffe0637000 	C:\WINDOWS\System32\bcrypt.dll
0x00007fffdfa40000 - 0x00007fffdfa8b000 	C:\WINDOWS\SYSTEM32\powrprof.dll
0x00007fffc4cf0000 - 0x00007fffc4cf9000 	C:\WINDOWS\SYSTEM32\ksuser.dll
0x00007fffdfe40000 - 0x00007fffdfe4c000 	C:\WINDOWS\SYSTEM32\CRYPTBASE.DLL
0x00007fffbef00000 - 0x00007fffbef36000 	C:\WINDOWS\SYSTEM32\RTWorkQ.DLL
0x00007fffdf8b0000 - 0x00007fffdf8c2000 	C:\WINDOWS\SYSTEM32\UMPDC.dll
0x00007fffb17d0000 - 0x00007fffb17fd000 	C:\Users\LAPTOP USA\.javacpp\cache\opencv-windows-x86_64.jar\org\bytedeco\opencv\windows-x86_64\jniopencv_videoio.dll

dbghelp: loaded successfully - version: 4.0.5 - missing functions: none
symbol engine: initialized successfully - sym options: 0x614 - pdb path: .;C:\Program Files\Java\jdk-16.0.2\bin;C:\WINDOWS\SYSTEM32;C:\WINDOWS\WinSxS\amd64_microsoft.windows.common-controls_6595b64144ccf1df_6.0.19041.1110_none_60b5254171f9507e;C:\Program Files\Java\jdk-16.0.2\bin\server;C:\Users\LAPTOP USA\.javacpp\cache\javacpp-windows-x86_64.jar\org\bytedeco\javacpp\windows-x86_64;C:\Users\LAPTOP USA\.javacpp\cache\openblas-windows-x86_64.jar\org\bytedeco\openblas\windows-x86_64;C:\Users\LAPTOP USA\.javacpp\cache\opencv-windows-x86_64.jar\org\bytedeco\opencv\windows-x86_64;C:\WINDOWS\WinSxS\amd64_microsoft.windows.common-controls_6595b64144ccf1df_5.82.19041.1110_none_792d1c772443f647;C:\WINDOWS\WinSxS\amd64_microsoft.windows.gdiplus_6595b64144ccf1df_1.1.19041.1466_none_91a4907ccc87e3b8

VM Arguments:
jvm_args: -Dfile.encoding=UTF-8 -XX:+ShowCodeDetailsInExceptionMessages 
java_command: faceReconition.App
java_class_path (initial): E:\GocHocTap\code\FaceRecognition\bin;E:\GocHocTap\code\FaceRecognition\libs\commons-lang3-3.8.1.jar;E:\GocHocTap\code\FaceRecognition\libs\commons-logging-1.2.jar;E:\GocHocTap\code\FaceRecognition\libs\hsqldb-2.5.0.jar;E:\GocHocTap\code\FaceRecognition\libs\jackcess-3.0.1.jar;E:\GocHocTap\code\FaceRecognition\libs\ucanaccess-5.0.1.jar;E:\GocHocTap\code\FaceRecognition\libs\ffmpeg.jar;E:\GocHocTap\code\FaceRecognition\libs\ffmpeg-windows-x86.jar;E:\GocHocTap\code\FaceRecognition\libs\ffmpeg-windows-x86_64.jar;E:\GocHocTap\code\FaceRecognition\libs\javacpp.jar;E:\GocHocTap\code\FaceRecognition\libs\javacpp-windows-x86.jar;E:\GocHocTap\code\FaceRecognition\libs\javacpp-windows-x86_64.jar;E:\GocHocTap\code\FaceRecognition\libs\javacv.jar;E:\GocHocTap\code\FaceRecognition\libs\openblas.jar;E:\GocHocTap\code\FaceRecognition\libs\openblas-windows-x86.jar;E:\GocHocTap\code\FaceRecognition\libs\openblas-windows-x86_64.jar;E:\GocHocTap\code\FaceRecognition\libs\opencv.jar;E:\GocHocTap\code\FaceRecognition\libs\opencv-454.jar;E:\GocHocTap\code\FaceRecognition\libs\opencv-windows-x86.jar;E:\GocHocTap\code\FaceRecognition\libs\opencv-windows-x86_64.jar
Launcher Type: SUN_STANDARD

[Global flags]
     intx CICompilerCount                          = 3                                         {product} {ergonomic}
     uint ConcGCThreads                            = 1                                         {product} {ergonomic}
     uint G1ConcRefinementThreads                  = 4                                         {product} {ergonomic}
   size_t G1HeapRegionSize                         = 1048576                                   {product} {ergonomic}
    uintx GCDrainStackTargetSize                   = 64                                        {product} {ergonomic}
   size_t InitialHeapSize                          = 134217728                                 {product} {ergonomic}
   size_t MarkStackSize                            = 4194304                                   {product} {ergonomic}
   size_t MaxHeapSize                              = 2118123520                                {product} {ergonomic}
   size_t MaxNewSize                               = 1270874112                                {product} {ergonomic}
   size_t MinHeapDeltaBytes                        = 1048576                                   {product} {ergonomic}
   size_t MinHeapSize                              = 8388608                                   {product} {ergonomic}
    uintx NonNMethodCodeHeapSize                   = 5832780                                {pd product} {ergonomic}
    uintx NonProfiledCodeHeapSize                  = 122912730                              {pd product} {ergonomic}
    uintx ProfiledCodeHeapSize                     = 122912730                              {pd product} {ergonomic}
    uintx ReservedCodeCacheSize                    = 251658240                              {pd product} {ergonomic}
     bool SegmentedCodeCache                       = true                                      {product} {ergonomic}
     bool ShowCodeDetailsInExceptionMessages       = true                                   {manageable} {command line}
   size_t SoftMaxHeapSize                          = 2118123520                             {manageable} {ergonomic}
     bool UseCompressedClassPointers               = true                           {product lp64_product} {ergonomic}
     bool UseCompressedOops                        = true                           {product lp64_product} {ergonomic}
     bool UseG1GC                                  = true                                      {product} {ergonomic}
     bool UseLargePagesIndividualAllocation        = false                                  {pd product} {ergonomic}

Logging:
Log output configuration:
 #0: stdout all=warning uptime,level,tags
 #1: stderr all=off uptime,level,tags

Environment Variables:
JAVA_HOME=C:\Program Files\Java\jdk-16.0.2
PATH=C:\Program Files\Common Files\Oracle\Java\javapath;C:\WINDOWS\system32;C:\WINDOWS;C:\WINDOWS\System32\Wbem;C:\WINDOWS\System32\WindowsPowerShell\v1.0\;C:\WINDOWS\System32\OpenSSH\;C:\Program Files\Microsoft SQL Server\Client SDK\ODBC\170\Tools\Binn\;C:\Program Files (x86)\Microsoft SQL Server\150\Tools\Binn\;C:\Program Files\Microsoft SQL Server\150\Tools\Binn\;C:\Program Files\Microsoft SQL Server\150\DTS\Binn\;C:\Program Files\Azure Data Studio\bin;E:\GocHocTap\nodeJS\;C:\Program Files (x86)\Intel\OpenCL SDK\2.0\bin\x86;C:\Program Files (x86)\Intel\OpenCL SDK\2.0\bin\x64;C:\Program Files (x86)\Microsoft SQL Server\150\DTS\Binn\;C:\Program Files\Git\cmd;C:\Program Files\dotnet\;C:\Program Files\Microsoft SQL Server\130\Tools\Binn\;C:\Program Files\Java\jdk-16.0.2\bin;%opencv%;C:\Users\LAPTOP USA\AppData\Local\Microsoft\WindowsApps;;C:\Program Files\Azure Data Studio\bin;C:\Users\LAPTOP USA\AppData\Roaming\npm;E:\GocHocTap\vsCode\Microsoft VS Code\bin;C:\Users\LAPTOP USA\.dotnet\tools
USERNAME=LUANPC
OS=Windows_NT
PROCESSOR_IDENTIFIER=Intel64 Family 6 Model 42 Stepping 7, GenuineIntel



---------------  S Y S T E M  ---------------

OS:
 Windows 10 , 64 bit Build 19041 (10.0.19041.1503)
OS uptime: 9 days 23:33 hours

CPU: total 4 (initial active 4) (2 cores per cpu, 2 threads per core) family 6 model 42 stepping 7 microcode 0x2f, cx8, cmov, fxsr, ht, mmx, sse, sse2, sse3, ssse3, sse4.1, sse4.2, popcnt, tsc, tscinvbit, avx, aes, clmul, vzeroupper, clflush

Memory: 4k page, system-wide physical 8079M (2482M free)
TotalPageFile size 10307M (AvailPageFile size 1955M)
current process WorkingSet (physical memory assigned to process): 317M, peak: 349M
current process commit charge ("private bytes"): 1101M, peak: 1136M

vm_info: Java HotSpot(TM) 64-Bit Server VM (16.0.2+7-67) for windows-amd64 JRE (16.0.2+7-67), built on Jun  8 2021 23:24:19 by "mach5one" with MS VC++ 16.7 (VS2019)

END.
